Arguments: 
  C:\Program Files\nodejs\node.exe C:\Program Files (x86)\Yarn\bin\yarn.js

PATH: 
  C:\Program Files\PowerShell\7;C:\Windows\system32;C:\Windows;C:\Windows\System32\Wbem;C:\Windows\System32\WindowsPowerShell\v1.0\;C:\Windows\System32\OpenSSH\;C:\Program Files\PowerShell\7\;C:\Program Files\nodejs\;C:\Program Files (x86)\Yarn\bin\;C:\Program Files\Git\cmd;C:\Users\ADMIN\AppData\Local\Microsoft\WindowsApps;;C:\Users\ADMIN\AppData\Local\Programs\Microsoft VS Code\bin;C:\Users\ADMIN\AppData\Roaming\npm;C:\Users\ADMIN\AppData\Local\Yarn\bin

Yarn version: 
  1.22.19

Node version: 
  19.7.0

Platform: 
  win32 x64

Trace: 
  Error: https://registry.yarnpkg.com/@react-icons/all-files/-/all-files-4.1.0.tgz: ESOCKETTIMEDOUT
      at ClientRequest.<anonymous> (C:\Program Files (x86)\Yarn\lib\cli.js:141517:19)
      at Object.onceWrapper (node:events:626:28)
      at ClientRequest.emit (node:events:512:28)
      at TLSSocket.emitRequestTimeout (node:_http_client:841:9)
      at Object.onceWrapper (node:events:626:28)
      at TLSSocket.emit (node:events:524:35)
      at Socket._onTimeout (node:net:564:8)
      at listOnTimeout (node:internal/timers:568:17)
      at process.processTimers (node:internal/timers:511:7)

npm manifest: 
  {
    "name": "nft-staking-app",
    "version": "0.1.0",
    "private": true,
    "scripts": {
      "dev": "next dev",
      "build": "next build",
      "start": "next start",
      "lint": "next lint"
    },
    "dependencies": {
      "@thirdweb-dev/contracts": "^3",
      "@thirdweb-dev/react": "^3",
      "@thirdweb-dev/sdk": "^3",
      "ethers": "^5.7.2",
      "next": "^13",
      "react": "^18.2",
      "react-dom": "^18.2"
    },
    "devDependencies": {
      "@types/node": "^17.0.45",
      "@types/react": "^17.0.53",
      "eslint": "^8.32.0",
      "eslint-config-next": "^13",
      "typescript": "^4.9.4"
    }
  }

yarn manifest: 
  No manifest

Lockfile: 
  No lockfile
